<?xml version="1.0" encoding="UTF-8"?>
<!-- Generated by org.testng.reporters.JUnitReportReporter -->
<testsuite hostname="Loki" failures="0" tests="1" name="com.employeeapi.base.TestBase" time="0.031" errors="0" timestamp="2023-03-10T10:00:51 IST" skipped="0">
  <testcase classname="com.employeeapi.base.TestBase" name="setUp" time="0.031"/>
  <system-out/>
</testsuite> <!-- com.employeeapi.base.TestBase -->
