<?xml version="1.0" encoding="UTF-8"?>
<!-- Generated by org.testng.reporters.JUnitReportReporter -->
<testsuite hostname="Loki" failures="0" tests="10" name="emp.TC_001" time="0.055" errors="0" timestamp="2023-03-21T10:34:07 IST" skipped="0">
  <testcase classname="emp.TC_001" name="setUp" time="0.008"/>
  <system-out/>
  <testcase classname="emp.TC_001" name="responseBody" time="0.022"/>
  <system-out/>
  <testcase classname="emp.TC_001" name="statusCode" time="0.002"/>
  <system-out/>
  <testcase classname="emp.TC_001" name="responseTime" time="0.002"/>
  <system-out/>
  <testcase classname="emp.TC_001" name="statusLine" time="0.002"/>
  <system-out/>
  <testcase classname="emp.TC_001" name="contentType" time="0.001"/>
  <system-out/>
  <testcase classname="emp.TC_001" name="serverType" time="0.004"/>
  <system-out/>
  <testcase classname="emp.TC_001" name="contentEncoding" time="0.007"/>
  <system-out/>
  <testcase classname="emp.TC_001" name="contentLength" time="0.004"/>
  <system-out/>
  <testcase classname="emp.TC_001" name="cookies" time="0.003"/>
  <system-out/>
</testsuite> <!-- emp.TC_001 -->
