<?xml version="1.0" encoding="UTF-8"?>
<!-- Generated by org.testng.reporters.JUnitReportReporter -->
<testsuite hostname="Loki" failures="0" tests="1" name="emp.A" time="1.604" errors="0" timestamp="2023-03-10T12:50:16 IST" skipped="0">
  <testcase classname="emp.A" name="users" time="1.604"/>
  <system-out/>
</testsuite> <!-- emp.A -->
