<?xml version="1.0" encoding="UTF-8"?>
<!-- Generated by org.testng.reporters.JUnitReportReporter -->
<testsuite hostname="Loki" failures="0" tests="3" name="emp.TC_005" time="0.015" errors="0" timestamp="2023-03-21T11:43:40 IST" skipped="0">
  <testcase classname="emp.TC_005" name="checkStatusCode" time="0.005"/>
  <system-out/>
  <testcase classname="emp.TC_005" name="checkResponseBody" time="0.007"/>
  <system-out/>
  <testcase classname="emp.TC_005" name="setUp" time="0.003"/>
  <system-out/>
</testsuite> <!-- emp.TC_005 -->
